<?xml version="1.0" encoding="UTF-8"?>
<testsuite name="org.acme.PetResourceTest" tests="1" skipped="0" failures="0" errors="0" timestamp="2021-10-19T13:33:43" hostname="LAPTOP-VADJ5RCL" time="1.42">
  <properties/>
  <testcase name="testPetAddEndpoint()" classname="org.acme.PetResourceTest" time="1.42"/>
  <system-out><![CDATA[]]></system-out>
  <system-err><![CDATA[Oct 19, 2021 7:03:40 PM org.jboss.threads.Version <clinit>
INFO: JBoss Threads version 3.1.1.Final
Oct 19, 2021 7:03:42 PM org.jboss.resteasy.core.ResteasyDeploymentImpl processApplication
INFO: RESTEASY002225: Deploying javax.ws.rs.core.Application: class com.assignment.petstore.PetstoreRestApplication
Oct 19, 2021 7:03:42 PM org.jboss.threads.Version <clinit>
INFO: JBoss Threads version 3.1.1.Final
Oct 19, 2021 7:03:43 PM io.quarkus.bootstrap.runner.Timing printStartupTime
INFO: Quarkus 1.7.6.Final on JVM started in 2.809s. Listening on: http://0.0.0.0:8081
Oct 19, 2021 7:03:43 PM io.quarkus.bootstrap.runner.Timing printStartupTime
INFO: Profile test activated. 
Oct 19, 2021 7:03:43 PM io.quarkus.bootstrap.runner.Timing printStartupTime
INFO: Installed features: [cdi, jaeger, mutiny, rest-client, resteasy, resteasy-jsonb, security, smallrye-context-propagation, smallrye-fault-tolerance, smallrye-health, smallrye-jwt, smallrye-metrics, smallrye-openapi, smallrye-opentracing, swagger-ui, vertx, vertx-web]
]]></system-err>
</testsuite>
